<?xml version="1.0" encoding="UTF-8"?>
<!-- Generated by org.testng.reporters.JUnitXMLReporter -->
<testsuite ignored="0" hostname="Chinmay1-PC" failures="0" tests="3" name="LMSTest" time="42.502" errors="0" timestamp="2019-09-12T14:01:48 IST">
  <testcase classname="com.lms.qa.testcases.LoginPageTest" name="loginPageTitleTest" time="0.012"/>
  <testcase classname="com.lms.qa.testcases.LoginPageTest" name="lmsLogoImageTest" time="0.12"/>
  <testcase classname="com.lms.qa.testcases.LoginPageTest" name="loginTest" time="12.969"/>
</testsuite> <!-- LMSTest -->
