<?xml version="1.0" encoding="UTF-8"?>
<!-- Generated by org.testng.reporters.JUnitXMLReporter -->
<testsuite ignored="0" hostname="Chinmay1-PC" failures="0" tests="2" name="Default test" time="28.715" errors="0" timestamp="2019-09-11T19:18:10 IST">
  <testcase classname="com.lms.qa.testcases.AttendanceRegularizationTest" name="fillAttendanceRegularizationTest" time="2.67"/>
  <testcase classname="com.lms.qa.testcases.AttendanceRegularizationTest" name="fillAttendanceRegularizationTest" time="2.626"/>
</testsuite> <!-- Default test -->
