<?xml version="1.0" encoding="UTF-8"?>
<!-- Generated by org.testng.reporters.JUnitXMLReporter -->
<testsuite ignored="1" hostname="Chinmay1-PC" failures="0" tests="7" name="Command line test" time="101.278" errors="0" timestamp="2019-09-12T23:01:48 IST">
  <testcase classname="com.lms.qa.testcases.AllSwipeDetailsReportTest" name="calculateInOutTimeAndDisplayOnScreen" time="4.691"/>
  <testcase classname="com.lms.qa.testcases.AttendanceRegularizationTest" name="fillAttendanceRegularizationTest" time="3.343"/>
  <testcase classname="com.lms.qa.testcases.AttendanceRegularizationTest" name="fillAttendanceRegularizationTest" time="2.909"/>
  <testcase classname="com.lms.qa.testcases.HomePageTest" name="verifyHomePageTitleTest" time="0.011"/>
  <testcase classname="com.lms.qa.testcases.LoginPageTest" name="loginPageTitleTest" time="0.009"/>
  <testcase classname="com.lms.qa.testcases.LoginPageTest" name="lmsLogoImageTest" time="0.051"/>
  <testcase classname="com.lms.qa.testcases.LoginPageTest" name="loginTest" time="6.529"/>
  <testcase classname="com.lms.qa.testcases.AllSwipeDetailsReportTest" name="verifyAllSwipeDetailsReportPageTitleTest" time="0.0">
    <ignored/>
  </testcase> <!-- verifyAllSwipeDetailsReportPageTitleTest -->
</testsuite> <!-- Command line test -->
