<?xml version="1.0" encoding="UTF-8" ?>
<testsuite tests="7" failures="0" name="TestSuite" time="17.547" errors="0" skipped="0">
  <properties>
[...]
</properties>
  <testcase classname="com.lms.qa.testcases.AllSwipeDetailsReportTest" name="calculateInOutTimeAndDisplayOnScreen" time="4.69"/>
  <testcase classname="com.lms.qa.testcases.AttendanceRegularizationTest" name="fillAttendanceRegularizationTest" time="3.345"/>
  <testcase classname="com.lms.qa.testcases.AttendanceRegularizationTest" name="fillAttendanceRegularizationTest" time="2.909"/>
  <testcase classname="com.lms.qa.testcases.HomePageTest" name="verifyHomePageTitleTest" time="0.011"/>
  <testcase classname="com.lms.qa.testcases.LoginPageTest" name="loginPageTitleTest" time="0.01"/>
  <testcase classname="com.lms.qa.testcases.LoginPageTest" name="lmsLogoImageTest" time="0.052"/>
  <testcase classname="com.lms.qa.testcases.LoginPageTest" name="loginTest" time="6.53"/>
</testsuite>