<?xml version="1.0" encoding="UTF-8"?>
<!-- Generated by org.testng.reporters.JUnitXMLReporter -->
<testsuite ignored="1" hostname="Chinmay1-PC" failures="0" tests="1" name="Command line test" time="32.552" errors="0" timestamp="2019-09-10T18:12:16 IST">
  <testcase classname="com.lms.qa.testcases.AllSwipeDetailsReportTest" name="calculateInOutTimeAndDisplayOnScreen" time="2.463"/>
  <testcase classname="com.lms.qa.testcases.AllSwipeDetailsReportTest" name="verifyAllSwipeDetailsReportPageTitleTest" time="0.0">
    <ignored/>
  </testcase> <!-- verifyAllSwipeDetailsReportPageTitleTest -->
</testsuite> <!-- Command line test -->
