<?xml version="1.0" encoding="UTF-8"?>
<testng-results ignored="0" total="3" passed="3" failed="0" skipped="0">
  <reporter-output>
  </reporter-output>
  <suite started-at="2019-09-12T14:01:05 IST" name="ProjectLMS" finished-at="2019-09-12T14:01:48 IST" duration-ms="42502">
    <groups>
    </groups>
    <test started-at="2019-09-12T14:01:05 IST" name="LMSTest" finished-at="2019-09-12T14:01:48 IST" duration-ms="42502">
      <class name="com.lms.qa.testcases.LoginPageTest">
        <test-method is-config="true" signature="setUp()[pri:0, instance:com.lms.qa.testcases.LoginPageTest@1fe20588]" started-at="2019-09-12T14:01:05 IST" name="setUp" finished-at="2019-09-12T14:01:20 IST" duration-ms="14737" status="PASS">
          <reporter-output>
          </reporter-output>
        </test-method> <!-- setUp -->
        <test-method signature="loginPageTitleTest()[pri:1, instance:com.lms.qa.testcases.LoginPageTest@1fe20588]" started-at="2019-09-12T14:01:20 IST" name="loginPageTitleTest" finished-at="2019-09-12T14:01:20 IST" duration-ms="12" status="PASS">
          <reporter-output>
          </reporter-output>
        </test-method> <!-- loginPageTitleTest -->
        <test-method is-config="true" signature="tearDown()[pri:0, instance:com.lms.qa.testcases.LoginPageTest@1fe20588]" started-at="2019-09-12T14:01:20 IST" name="tearDown" finished-at="2019-09-12T14:01:21 IST" duration-ms="1201" status="PASS">
          <reporter-output>
          </reporter-output>
        </test-method> <!-- tearDown -->
        <test-method is-config="true" signature="setUp()[pri:0, instance:com.lms.qa.testcases.LoginPageTest@1fe20588]" started-at="2019-09-12T14:01:21 IST" name="setUp" finished-at="2019-09-12T14:01:27 IST" duration-ms="5686" status="PASS">
          <reporter-output>
          </reporter-output>
        </test-method> <!-- setUp -->
        <test-method signature="lmsLogoImageTest()[pri:2, instance:com.lms.qa.testcases.LoginPageTest@1fe20588]" started-at="2019-09-12T14:01:27 IST" name="lmsLogoImageTest" finished-at="2019-09-12T14:01:27 IST" duration-ms="120" status="PASS">
          <reporter-output>
          </reporter-output>
        </test-method> <!-- lmsLogoImageTest -->
        <test-method is-config="true" signature="tearDown()[pri:0, instance:com.lms.qa.testcases.LoginPageTest@1fe20588]" started-at="2019-09-12T14:01:27 IST" name="tearDown" finished-at="2019-09-12T14:01:29 IST" duration-ms="1981" status="PASS">
          <reporter-output>
          </reporter-output>
        </test-method> <!-- tearDown -->
        <test-method is-config="true" signature="setUp()[pri:0, instance:com.lms.qa.testcases.LoginPageTest@1fe20588]" started-at="2019-09-12T14:01:29 IST" name="setUp" finished-at="2019-09-12T14:01:34 IST" duration-ms="5105" status="PASS">
          <reporter-output>
          </reporter-output>
        </test-method> <!-- setUp -->
        <test-method signature="loginTest()[pri:3, instance:com.lms.qa.testcases.LoginPageTest@1fe20588]" started-at="2019-09-12T14:01:34 IST" name="loginTest" finished-at="2019-09-12T14:01:47 IST" duration-ms="12969" status="PASS">
          <reporter-output>
          </reporter-output>
        </test-method> <!-- loginTest -->
        <test-method is-config="true" signature="tearDown()[pri:0, instance:com.lms.qa.testcases.LoginPageTest@1fe20588]" started-at="2019-09-12T14:01:47 IST" name="tearDown" finished-at="2019-09-12T14:01:48 IST" duration-ms="643" status="PASS">
          <reporter-output>
          </reporter-output>
        </test-method> <!-- tearDown -->
      </class> <!-- com.lms.qa.testcases.LoginPageTest -->
    </test> <!-- LMSTest -->
  </suite> <!-- ProjectLMS -->
</testng-results>
